[0.006s] Invoking command in '/home/ubuntu/cpm/scaraModified/ros-jazzy-scara/build/scara_gz': CMAKE_PREFIX_PATH=${CMAKE_PREFIX_PATH}:/opt/ros/jazzy /usr/bin/cmake --build /home/ubuntu/cpm/scaraModified/ros-jazzy-scara/build/scara_gz -- -j24 -l24
[0.031s] Invoked command in '/home/ubuntu/cpm/scaraModified/ros-jazzy-scara/build/scara_gz' returned '0': CMAKE_PREFIX_PATH=${CMAKE_PREFIX_PATH}:/opt/ros/jazzy /usr/bin/cmake --build /home/ubuntu/cpm/scaraModified/ros-jazzy-scara/build/scara_gz -- -j24 -l24
[0.038s] Invoking command in '/home/ubuntu/cpm/scaraModified/ros-jazzy-scara/build/scara_gz': CMAKE_PREFIX_PATH=${CMAKE_PREFIX_PATH}:/opt/ros/jazzy /usr/bin/cmake --install /home/ubuntu/cpm/scaraModified/ros-jazzy-scara/build/scara_gz
[0.044s] -- Install configuration: ""
[0.044s] -- Up-to-date: /home/ubuntu/cpm/scaraModified/ros-jazzy-scara/install/scara_gz/share/scara_gz/launch
[0.044s] -- Up-to-date: /home/ubuntu/cpm/scaraModified/ros-jazzy-scara/install/scara_gz/share/scara_gz/launch/sim.launch.py
[0.044s] -- Up-to-date: /home/ubuntu/cpm/scaraModified/ros-jazzy-scara/install/scara_gz/share/scara_gz/urdf
[0.044s] -- Up-to-date: /home/ubuntu/cpm/scaraModified/ros-jazzy-scara/install/scara_gz/share/scara_gz/urdf/gz.xacro
[0.044s] -- Up-to-date: /home/ubuntu/cpm/scaraModified/ros-jazzy-scara/install/scara_gz/share/scara_gz/config
[0.044s] -- Up-to-date: /home/ubuntu/cpm/scaraModified/ros-jazzy-scara/install/scara_gz/share/scara_gz/config/bridge_parameters.yaml
[0.044s] -- Up-to-date: /home/ubuntu/cpm/scaraModified/ros-jazzy-scara/install/scara_gz/share/scara_gz/config/gz_controller.yaml
[0.044s] -- Up-to-date: /home/ubuntu/cpm/scaraModified/ros-jazzy-scara/install/scara_gz/share/scara_gz/config/bridge_config.yaml
[0.044s] -- Up-to-date: /home/ubuntu/cpm/scaraModified/ros-jazzy-scara/install/scara_gz/share/ament_index/resource_index/package_run_dependencies/scara_gz
[0.044s] -- Up-to-date: /home/ubuntu/cpm/scaraModified/ros-jazzy-scara/install/scara_gz/share/ament_index/resource_index/parent_prefix_path/scara_gz
[0.044s] -- Up-to-date: /home/ubuntu/cpm/scaraModified/ros-jazzy-scara/install/scara_gz/share/scara_gz/environment/ament_prefix_path.sh
[0.044s] -- Up-to-date: /home/ubuntu/cpm/scaraModified/ros-jazzy-scara/install/scara_gz/share/scara_gz/environment/ament_prefix_path.dsv
[0.044s] -- Up-to-date: /home/ubuntu/cpm/scaraModified/ros-jazzy-scara/install/scara_gz/share/scara_gz/environment/path.sh
[0.044s] -- Up-to-date: /home/ubuntu/cpm/scaraModified/ros-jazzy-scara/install/scara_gz/share/scara_gz/environment/path.dsv
[0.044s] -- Up-to-date: /home/ubuntu/cpm/scaraModified/ros-jazzy-scara/install/scara_gz/share/scara_gz/local_setup.bash
[0.045s] -- Up-to-date: /home/ubuntu/cpm/scaraModified/ros-jazzy-scara/install/scara_gz/share/scara_gz/local_setup.sh
[0.045s] -- Up-to-date: /home/ubuntu/cpm/scaraModified/ros-jazzy-scara/install/scara_gz/share/scara_gz/local_setup.zsh
[0.045s] -- Up-to-date: /home/ubuntu/cpm/scaraModified/ros-jazzy-scara/install/scara_gz/share/scara_gz/local_setup.dsv
[0.045s] -- Installing: /home/ubuntu/cpm/scaraModified/ros-jazzy-scara/install/scara_gz/share/scara_gz/package.dsv
[0.045s] -- Up-to-date: /home/ubuntu/cpm/scaraModified/ros-jazzy-scara/install/scara_gz/share/ament_index/resource_index/packages/scara_gz
[0.045s] -- Up-to-date: /home/ubuntu/cpm/scaraModified/ros-jazzy-scara/install/scara_gz/share/scara_gz/cmake/scara_gzConfig.cmake
[0.045s] -- Up-to-date: /home/ubuntu/cpm/scaraModified/ros-jazzy-scara/install/scara_gz/share/scara_gz/cmake/scara_gzConfig-version.cmake
[0.045s] -- Up-to-date: /home/ubuntu/cpm/scaraModified/ros-jazzy-scara/install/scara_gz/share/scara_gz/package.xml
[0.046s] Invoked command in '/home/ubuntu/cpm/scaraModified/ros-jazzy-scara/build/scara_gz' returned '0': CMAKE_PREFIX_PATH=${CMAKE_PREFIX_PATH}:/opt/ros/jazzy /usr/bin/cmake --install /home/ubuntu/cpm/scaraModified/ros-jazzy-scara/build/scara_gz
