[0.012s] Invoking command in '/home/ubuntu/cpm/scaraModified/ros-jazzy-scara/build/scara_gz': CMAKE_PREFIX_PATH=${CMAKE_PREFIX_PATH}:/opt/ros/jazzy /usr/bin/cmake /home/ubuntu/cpm/scaraModified/ros-jazzy-scara/scara_gz -DCMAKE_INSTALL_PREFIX=/home/ubuntu/cpm/scaraModified/ros-jazzy-scara/install/scara_gz
[0.164s] -- The C compiler identification is GNU 13.3.0
[0.562s] -- The CXX compiler identification is GNU 13.3.0
[0.890s] -- Detecting C compiler ABI info
[1.055s] -- Detecting C compiler ABI info - done
[1.061s] -- Check for working C compiler: /usr/bin/cc - skipped
[1.063s] -- Detecting C compile features
[1.063s] -- Detecting C compile features - done
[1.117s] -- Detecting CXX compiler ABI info
[1.272s] -- Detecting CXX compiler ABI info - done
[1.278s] -- Check for working CXX compiler: /usr/bin/c++ - skipped
[1.278s] -- Detecting CXX compile features
[1.279s] -- Detecting CXX compile features - done
[1.296s] -- Found ament_cmake: 2.5.3 (/opt/ros/jazzy/share/ament_cmake/cmake)
[1.404s] -- Found Python3: /usr/bin/python3 (found version "3.12.3") found components: Interpreter 
[1.505s] -- Found ament_lint_auto: 0.17.1 (/opt/ros/jazzy/share/ament_lint_auto/cmake)
[1.572s] -- Configuring done (1.6s)
[1.575s] -- Generating done (0.0s)
[1.576s] -- Build files have been written to: /home/ubuntu/cpm/scaraModified/ros-jazzy-scara/build/scara_gz
[1.580s] Invoked command in '/home/ubuntu/cpm/scaraModified/ros-jazzy-scara/build/scara_gz' returned '0': CMAKE_PREFIX_PATH=${CMAKE_PREFIX_PATH}:/opt/ros/jazzy /usr/bin/cmake /home/ubuntu/cpm/scaraModified/ros-jazzy-scara/scara_gz -DCMAKE_INSTALL_PREFIX=/home/ubuntu/cpm/scaraModified/ros-jazzy-scara/install/scara_gz
[1.581s] Invoking command in '/home/ubuntu/cpm/scaraModified/ros-jazzy-scara/build/scara_gz': CMAKE_PREFIX_PATH=${CMAKE_PREFIX_PATH}:/opt/ros/jazzy /usr/bin/cmake --build /home/ubuntu/cpm/scaraModified/ros-jazzy-scara/build/scara_gz -- -j24 -l24
[1.606s] Invoked command in '/home/ubuntu/cpm/scaraModified/ros-jazzy-scara/build/scara_gz' returned '0': CMAKE_PREFIX_PATH=${CMAKE_PREFIX_PATH}:/opt/ros/jazzy /usr/bin/cmake --build /home/ubuntu/cpm/scaraModified/ros-jazzy-scara/build/scara_gz -- -j24 -l24
[1.612s] Invoking command in '/home/ubuntu/cpm/scaraModified/ros-jazzy-scara/build/scara_gz': CMAKE_PREFIX_PATH=${CMAKE_PREFIX_PATH}:/opt/ros/jazzy /usr/bin/cmake --install /home/ubuntu/cpm/scaraModified/ros-jazzy-scara/build/scara_gz
[1.618s] -- Install configuration: ""
[1.618s] -- Installing: /home/ubuntu/cpm/scaraModified/ros-jazzy-scara/install/scara_gz/share/scara_gz/launch
[1.618s] -- Installing: /home/ubuntu/cpm/scaraModified/ros-jazzy-scara/install/scara_gz/share/scara_gz/launch/sim.launch.py
[1.618s] -- Installing: /home/ubuntu/cpm/scaraModified/ros-jazzy-scara/install/scara_gz/share/scara_gz/urdf
[1.618s] -- Installing: /home/ubuntu/cpm/scaraModified/ros-jazzy-scara/install/scara_gz/share/scara_gz/urdf/gz.xacro
[1.618s] -- Installing: /home/ubuntu/cpm/scaraModified/ros-jazzy-scara/install/scara_gz/share/scara_gz/config
[1.619s] -- Installing: /home/ubuntu/cpm/scaraModified/ros-jazzy-scara/install/scara_gz/share/scara_gz/config/bridge_parameters.yaml
[1.619s] -- Installing: /home/ubuntu/cpm/scaraModified/ros-jazzy-scara/install/scara_gz/share/scara_gz/config/gz_controller.yaml
[1.619s] -- Installing: /home/ubuntu/cpm/scaraModified/ros-jazzy-scara/install/scara_gz/share/scara_gz/config/bridge_config.yaml
[1.619s] -- Installing: /home/ubuntu/cpm/scaraModified/ros-jazzy-scara/install/scara_gz/share/ament_index/resource_index/package_run_dependencies/scara_gz
[1.619s] -- Installing: /home/ubuntu/cpm/scaraModified/ros-jazzy-scara/install/scara_gz/share/ament_index/resource_index/parent_prefix_path/scara_gz
[1.620s] -- Installing: /home/ubuntu/cpm/scaraModified/ros-jazzy-scara/install/scara_gz/share/scara_gz/environment/ament_prefix_path.sh
[1.620s] -- Installing: /home/ubuntu/cpm/scaraModified/ros-jazzy-scara/install/scara_gz/share/scara_gz/environment/ament_prefix_path.dsv
[1.620s] -- Installing: /home/ubuntu/cpm/scaraModified/ros-jazzy-scara/install/scara_gz/share/scara_gz/environment/path.sh
[1.620s] -- Installing: /home/ubuntu/cpm/scaraModified/ros-jazzy-scara/install/scara_gz/share/scara_gz/environment/path.dsv
[1.620s] -- Installing: /home/ubuntu/cpm/scaraModified/ros-jazzy-scara/install/scara_gz/share/scara_gz/local_setup.bash
[1.620s] -- Installing: /home/ubuntu/cpm/scaraModified/ros-jazzy-scara/install/scara_gz/share/scara_gz/local_setup.sh
[1.620s] -- Installing: /home/ubuntu/cpm/scaraModified/ros-jazzy-scara/install/scara_gz/share/scara_gz/local_setup.zsh
[1.620s] -- Installing: /home/ubuntu/cpm/scaraModified/ros-jazzy-scara/install/scara_gz/share/scara_gz/local_setup.dsv
[1.620s] -- Installing: /home/ubuntu/cpm/scaraModified/ros-jazzy-scara/install/scara_gz/share/scara_gz/package.dsv
[1.621s] -- Installing: /home/ubuntu/cpm/scaraModified/ros-jazzy-scara/install/scara_gz/share/ament_index/resource_index/packages/scara_gz
[1.621s] -- Installing: /home/ubuntu/cpm/scaraModified/ros-jazzy-scara/install/scara_gz/share/scara_gz/cmake/scara_gzConfig.cmake
[1.621s] -- Installing: /home/ubuntu/cpm/scaraModified/ros-jazzy-scara/install/scara_gz/share/scara_gz/cmake/scara_gzConfig-version.cmake
[1.621s] -- Installing: /home/ubuntu/cpm/scaraModified/ros-jazzy-scara/install/scara_gz/share/scara_gz/package.xml
[1.623s] Invoked command in '/home/ubuntu/cpm/scaraModified/ros-jazzy-scara/build/scara_gz' returned '0': CMAKE_PREFIX_PATH=${CMAKE_PREFIX_PATH}:/opt/ros/jazzy /usr/bin/cmake --install /home/ubuntu/cpm/scaraModified/ros-jazzy-scara/build/scara_gz
