[0.011s] Invoking command in '/home/ubuntu/cpm/scaraModified/ros-jazzy-scara/build/scara': CMAKE_PREFIX_PATH=${CMAKE_PREFIX_PATH}:/opt/ros/jazzy /usr/bin/cmake /home/ubuntu/cpm/scaraModified/ros-jazzy-scara/scara -DCMAKE_INSTALL_PREFIX=/home/ubuntu/cpm/scaraModified/ros-jazzy-scara/install/scara
[0.198s] -- The C compiler identification is GNU 13.3.0
[0.640s] -- The CXX compiler identification is GNU 13.3.0
[0.871s] -- Detecting C compiler ABI info
[1.013s] -- Detecting C compiler ABI info - done
[1.018s] -- Check for working C compiler: /usr/bin/cc - skipped
[1.019s] -- Detecting C compile features
[1.020s] -- Detecting C compile features - done
[1.066s] -- Detecting CXX compiler ABI info
[1.208s] -- Detecting CXX compiler ABI info - done
[1.214s] -- Check for working CXX compiler: /usr/bin/c++ - skipped
[1.214s] -- Detecting CXX compile features
[1.214s] -- Detecting CXX compile features - done
[1.222s] -- Found ament_cmake: 2.5.3 (/opt/ros/jazzy/share/ament_cmake/cmake)
[1.325s] -- Found Python3: /usr/bin/python3 (found version "3.12.3") found components: Interpreter 
[1.424s] -- Found ament_lint_auto: 0.17.1 (/opt/ros/jazzy/share/ament_lint_auto/cmake)
[1.493s] -- Configuring done (1.5s)
[1.495s] -- Generating done (0.0s)
[1.496s] -- Build files have been written to: /home/ubuntu/cpm/scaraModified/ros-jazzy-scara/build/scara
[1.500s] Invoked command in '/home/ubuntu/cpm/scaraModified/ros-jazzy-scara/build/scara' returned '0': CMAKE_PREFIX_PATH=${CMAKE_PREFIX_PATH}:/opt/ros/jazzy /usr/bin/cmake /home/ubuntu/cpm/scaraModified/ros-jazzy-scara/scara -DCMAKE_INSTALL_PREFIX=/home/ubuntu/cpm/scaraModified/ros-jazzy-scara/install/scara
[1.500s] Invoking command in '/home/ubuntu/cpm/scaraModified/ros-jazzy-scara/build/scara': CMAKE_PREFIX_PATH=${CMAKE_PREFIX_PATH}:/opt/ros/jazzy /usr/bin/cmake --build /home/ubuntu/cpm/scaraModified/ros-jazzy-scara/build/scara -- -j24 -l24
[1.522s] Invoked command in '/home/ubuntu/cpm/scaraModified/ros-jazzy-scara/build/scara' returned '0': CMAKE_PREFIX_PATH=${CMAKE_PREFIX_PATH}:/opt/ros/jazzy /usr/bin/cmake --build /home/ubuntu/cpm/scaraModified/ros-jazzy-scara/build/scara -- -j24 -l24
[1.527s] Invoking command in '/home/ubuntu/cpm/scaraModified/ros-jazzy-scara/build/scara': CMAKE_PREFIX_PATH=${CMAKE_PREFIX_PATH}:/opt/ros/jazzy /usr/bin/cmake --install /home/ubuntu/cpm/scaraModified/ros-jazzy-scara/build/scara
[1.532s] -- Install configuration: ""
[1.532s] -- Installing: /home/ubuntu/cpm/scaraModified/ros-jazzy-scara/install/scara/share/scara/launch
[1.533s] -- Installing: /home/ubuntu/cpm/scaraModified/ros-jazzy-scara/install/scara/share/scara/launch/view.launch.py
[1.533s] -- Installing: /home/ubuntu/cpm/scaraModified/ros-jazzy-scara/install/scara/share/scara/meshes
[1.533s] -- Installing: /home/ubuntu/cpm/scaraModified/ros-jazzy-scara/install/scara/share/scara/meshes/pendulo.STL
[1.533s] -- Installing: /home/ubuntu/cpm/scaraModified/ros-jazzy-scara/install/scara/share/scara/meshes/carro.STL
[1.533s] -- Installing: /home/ubuntu/cpm/scaraModified/ros-jazzy-scara/install/scara/share/scara/meshes/riel.STL
[1.533s] -- Installing: /home/ubuntu/cpm/scaraModified/ros-jazzy-scara/install/scara/share/scara/rviz
[1.533s] -- Installing: /home/ubuntu/cpm/scaraModified/ros-jazzy-scara/install/scara/share/scara/rviz/view.rviz
[1.533s] -- Installing: /home/ubuntu/cpm/scaraModified/ros-jazzy-scara/install/scara/share/scara/urdf
[1.533s] -- Installing: /home/ubuntu/cpm/scaraModified/ros-jazzy-scara/install/scara/share/scara/urdf/description.xacro
[1.533s] -- Installing: /home/ubuntu/cpm/scaraModified/ros-jazzy-scara/install/scara/share/ament_index/resource_index/package_run_dependencies/scara
[1.533s] -- Installing: /home/ubuntu/cpm/scaraModified/ros-jazzy-scara/install/scara/share/ament_index/resource_index/parent_prefix_path/scara
[1.534s] -- Installing: /home/ubuntu/cpm/scaraModified/ros-jazzy-scara/install/scara/share/scara/environment/ament_prefix_path.sh
[1.534s] -- Installing: /home/ubuntu/cpm/scaraModified/ros-jazzy-scara/install/scara/share/scara/environment/ament_prefix_path.dsv
[1.534s] -- Installing: /home/ubuntu/cpm/scaraModified/ros-jazzy-scara/install/scara/share/scara/environment/path.sh
[1.534s] -- Installing: /home/ubuntu/cpm/scaraModified/ros-jazzy-scara/install/scara/share/scara/environment/path.dsv
[1.534s] -- Installing: /home/ubuntu/cpm/scaraModified/ros-jazzy-scara/install/scara/share/scara/local_setup.bash
[1.534s] -- Installing: /home/ubuntu/cpm/scaraModified/ros-jazzy-scara/install/scara/share/scara/local_setup.sh
[1.534s] -- Installing: /home/ubuntu/cpm/scaraModified/ros-jazzy-scara/install/scara/share/scara/local_setup.zsh
[1.534s] -- Installing: /home/ubuntu/cpm/scaraModified/ros-jazzy-scara/install/scara/share/scara/local_setup.dsv
[1.535s] -- Installing: /home/ubuntu/cpm/scaraModified/ros-jazzy-scara/install/scara/share/scara/package.dsv
[1.535s] -- Installing: /home/ubuntu/cpm/scaraModified/ros-jazzy-scara/install/scara/share/ament_index/resource_index/packages/scara
[1.535s] -- Installing: /home/ubuntu/cpm/scaraModified/ros-jazzy-scara/install/scara/share/scara/cmake/scaraConfig.cmake
[1.535s] -- Installing: /home/ubuntu/cpm/scaraModified/ros-jazzy-scara/install/scara/share/scara/cmake/scaraConfig-version.cmake
[1.535s] -- Installing: /home/ubuntu/cpm/scaraModified/ros-jazzy-scara/install/scara/share/scara/package.xml
[1.536s] Invoked command in '/home/ubuntu/cpm/scaraModified/ros-jazzy-scara/build/scara' returned '0': CMAKE_PREFIX_PATH=${CMAKE_PREFIX_PATH}:/opt/ros/jazzy /usr/bin/cmake --install /home/ubuntu/cpm/scaraModified/ros-jazzy-scara/build/scara
