[0.010s] Invoking command in '/home/ubuntu/cpm/scaraModified/ros-jazzy-scara/build/scara': CMAKE_PREFIX_PATH=${CMAKE_PREFIX_PATH}:/opt/ros/jazzy /usr/bin/cmake --build /home/ubuntu/cpm/scaraModified/ros-jazzy-scara/build/scara -- -j24 -l24
[0.071s] Invoked command in '/home/ubuntu/cpm/scaraModified/ros-jazzy-scara/build/scara' returned '0': CMAKE_PREFIX_PATH=${CMAKE_PREFIX_PATH}:/opt/ros/jazzy /usr/bin/cmake --build /home/ubuntu/cpm/scaraModified/ros-jazzy-scara/build/scara -- -j24 -l24
[0.077s] Invoking command in '/home/ubuntu/cpm/scaraModified/ros-jazzy-scara/build/scara': CMAKE_PREFIX_PATH=${CMAKE_PREFIX_PATH}:/opt/ros/jazzy /usr/bin/cmake --install /home/ubuntu/cpm/scaraModified/ros-jazzy-scara/build/scara
[0.083s] -- Install configuration: ""
[0.083s] -- Up-to-date: /home/ubuntu/cpm/scaraModified/ros-jazzy-scara/install/scara/share/scara/launch
[0.083s] -- Installing: /home/ubuntu/cpm/scaraModified/ros-jazzy-scara/install/scara/share/scara/launch/view.launch.py
[0.084s] -- Up-to-date: /home/ubuntu/cpm/scaraModified/ros-jazzy-scara/install/scara/share/scara/meshes
[0.084s] -- Up-to-date: /home/ubuntu/cpm/scaraModified/ros-jazzy-scara/install/scara/share/scara/meshes/pendulo.STL
[0.084s] -- Up-to-date: /home/ubuntu/cpm/scaraModified/ros-jazzy-scara/install/scara/share/scara/meshes/carro.STL
[0.084s] -- Up-to-date: /home/ubuntu/cpm/scaraModified/ros-jazzy-scara/install/scara/share/scara/meshes/riel.STL
[0.084s] -- Up-to-date: /home/ubuntu/cpm/scaraModified/ros-jazzy-scara/install/scara/share/scara/rviz
[0.084s] -- Up-to-date: /home/ubuntu/cpm/scaraModified/ros-jazzy-scara/install/scara/share/scara/rviz/urdf.rviz
[0.084s] -- Up-to-date: /home/ubuntu/cpm/scaraModified/ros-jazzy-scara/install/scara/share/scara/urdf
[0.084s] -- Up-to-date: /home/ubuntu/cpm/scaraModified/ros-jazzy-scara/install/scara/share/scara/urdf/description.xacro
[0.084s] -- Up-to-date: /home/ubuntu/cpm/scaraModified/ros-jazzy-scara/install/scara/share/ament_index/resource_index/package_run_dependencies/scara
[0.085s] -- Up-to-date: /home/ubuntu/cpm/scaraModified/ros-jazzy-scara/install/scara/share/ament_index/resource_index/parent_prefix_path/scara
[0.085s] -- Up-to-date: /home/ubuntu/cpm/scaraModified/ros-jazzy-scara/install/scara/share/scara/environment/ament_prefix_path.sh
[0.085s] -- Up-to-date: /home/ubuntu/cpm/scaraModified/ros-jazzy-scara/install/scara/share/scara/environment/ament_prefix_path.dsv
[0.085s] -- Up-to-date: /home/ubuntu/cpm/scaraModified/ros-jazzy-scara/install/scara/share/scara/environment/path.sh
[0.085s] -- Up-to-date: /home/ubuntu/cpm/scaraModified/ros-jazzy-scara/install/scara/share/scara/environment/path.dsv
[0.085s] -- Up-to-date: /home/ubuntu/cpm/scaraModified/ros-jazzy-scara/install/scara/share/scara/local_setup.bash
[0.085s] -- Up-to-date: /home/ubuntu/cpm/scaraModified/ros-jazzy-scara/install/scara/share/scara/local_setup.sh
[0.085s] -- Up-to-date: /home/ubuntu/cpm/scaraModified/ros-jazzy-scara/install/scara/share/scara/local_setup.zsh
[0.085s] -- Up-to-date: /home/ubuntu/cpm/scaraModified/ros-jazzy-scara/install/scara/share/scara/local_setup.dsv
[0.085s] -- Installing: /home/ubuntu/cpm/scaraModified/ros-jazzy-scara/install/scara/share/scara/package.dsv
[0.086s] -- Up-to-date: /home/ubuntu/cpm/scaraModified/ros-jazzy-scara/install/scara/share/ament_index/resource_index/packages/scara
[0.087s] -- Up-to-date: /home/ubuntu/cpm/scaraModified/ros-jazzy-scara/install/scara/share/scara/cmake/scaraConfig.cmake
[0.087s] -- Up-to-date: /home/ubuntu/cpm/scaraModified/ros-jazzy-scara/install/scara/share/scara/cmake/scaraConfig-version.cmake
[0.087s] -- Up-to-date: /home/ubuntu/cpm/scaraModified/ros-jazzy-scara/install/scara/share/scara/package.xml
[0.087s] Invoked command in '/home/ubuntu/cpm/scaraModified/ros-jazzy-scara/build/scara' returned '0': CMAKE_PREFIX_PATH=${CMAKE_PREFIX_PATH}:/opt/ros/jazzy /usr/bin/cmake --install /home/ubuntu/cpm/scaraModified/ros-jazzy-scara/build/scara
