[0.109s] DEBUG:colcon:Command line arguments: ['/usr/bin/colcon', 'build', '--packages-select', 'scara_gz']
[0.109s] DEBUG:colcon:Parsed command line arguments: Namespace(log_base=None, log_level=None, verb_name='build', build_base='build', install_base='install', merge_install=False, symlink_install=False, test_result_base=None, continue_on_error=False, executor='parallel', parallel_workers=24, event_handlers=None, ignore_user_meta=False, metas=['./colcon.meta'], base_paths=['.'], packages_ignore=None, packages_ignore_regex=None, paths=None, packages_up_to=None, packages_up_to_regex=None, packages_above=None, packages_above_and_dependencies=None, packages_above_depth=None, packages_select_by_dep=None, packages_skip_by_dep=None, packages_skip_up_to=None, packages_select_build_failed=False, packages_skip_build_finished=False, packages_select_test_failures=False, packages_skip_test_passed=False, packages_select=['scara_gz'], packages_skip=None, packages_select_regex=None, packages_skip_regex=None, packages_start=None, packages_end=None, allow_overriding=[], cmake_args=None, cmake_target=None, cmake_target_skip_unavailable=False, cmake_clean_cache=False, cmake_clean_first=False, cmake_force_configure=False, ament_cmake_args=None, catkin_cmake_args=None, catkin_skip_building_tests=False, verb_parser=<colcon_defaults.argument_parser.defaults.DefaultArgumentsDecorator object at 0x7f37e67c26c0>, verb_extension=<colcon_core.verb.build.BuildVerb object at 0x7f37e676c380>, main=<bound method BuildVerb.main of <colcon_core.verb.build.BuildVerb object at 0x7f37e676c380>>)
[0.136s] Level 1:colcon.colcon_core.package_discovery:discover_packages(colcon_meta) check parameters
[0.136s] Level 1:colcon.colcon_core.package_discovery:discover_packages(recursive) check parameters
[0.136s] Level 1:colcon.colcon_core.package_discovery:discover_packages(ignore) check parameters
[0.136s] Level 1:colcon.colcon_core.package_discovery:discover_packages(path) check parameters
[0.136s] Level 1:colcon.colcon_core.package_discovery:discover_packages(colcon_meta) discover
[0.136s] Level 1:colcon.colcon_core.package_discovery:discover_packages(recursive) discover
[0.136s] INFO:colcon.colcon_core.package_discovery:Crawling recursively for packages in '/home/ubuntu/cpm/scaraModified/ros-jazzy-scara'
[0.136s] Level 1:colcon.colcon_core.package_identification:_identify(.) by extensions ['ignore', 'ignore_ament_install']
[0.137s] Level 1:colcon.colcon_core.package_identification:_identify(.) by extension 'ignore'
[0.137s] Level 1:colcon.colcon_core.package_identification:_identify(.) by extension 'ignore_ament_install'
[0.137s] Level 1:colcon.colcon_core.package_identification:_identify(.) by extensions ['colcon_pkg']
[0.137s] Level 1:colcon.colcon_core.package_identification:_identify(.) by extension 'colcon_pkg'
[0.137s] Level 1:colcon.colcon_core.package_identification:_identify(.) by extensions ['colcon_meta']
[0.137s] Level 1:colcon.colcon_core.package_identification:_identify(.) by extension 'colcon_meta'
[0.137s] Level 1:colcon.colcon_core.package_identification:_identify(.) by extensions ['ros']
[0.137s] Level 1:colcon.colcon_core.package_identification:_identify(.) by extension 'ros'
[0.156s] Level 1:colcon.colcon_core.package_identification:_identify(.) by extensions ['cmake', 'python']
[0.157s] Level 1:colcon.colcon_core.package_identification:_identify(.) by extension 'cmake'
[0.157s] Level 1:colcon.colcon_core.package_identification:_identify(.) by extension 'python'
[0.157s] Level 1:colcon.colcon_core.package_identification:_identify(.) by extensions ['python_setup_py']
[0.157s] Level 1:colcon.colcon_core.package_identification:_identify(.) by extension 'python_setup_py'
[0.157s] Level 1:colcon.colcon_core.package_identification:_identify(build) by extensions ['ignore', 'ignore_ament_install']
[0.157s] Level 1:colcon.colcon_core.package_identification:_identify(build) by extension 'ignore'
[0.157s] Level 1:colcon.colcon_core.package_identification:_identify(build) ignored
[0.157s] Level 1:colcon.colcon_core.package_identification:_identify(install) by extensions ['ignore', 'ignore_ament_install']
[0.157s] Level 1:colcon.colcon_core.package_identification:_identify(install) by extension 'ignore'
[0.157s] Level 1:colcon.colcon_core.package_identification:_identify(install) ignored
[0.157s] Level 1:colcon.colcon_core.package_identification:_identify(log) by extensions ['ignore', 'ignore_ament_install']
[0.157s] Level 1:colcon.colcon_core.package_identification:_identify(log) by extension 'ignore'
[0.157s] Level 1:colcon.colcon_core.package_identification:_identify(log) ignored
[0.157s] Level 1:colcon.colcon_core.package_identification:_identify(scara) by extensions ['ignore', 'ignore_ament_install']
[0.157s] Level 1:colcon.colcon_core.package_identification:_identify(scara) by extension 'ignore'
[0.157s] Level 1:colcon.colcon_core.package_identification:_identify(scara) by extension 'ignore_ament_install'
[0.157s] Level 1:colcon.colcon_core.package_identification:_identify(scara) by extensions ['colcon_pkg']
[0.157s] Level 1:colcon.colcon_core.package_identification:_identify(scara) by extension 'colcon_pkg'
[0.157s] Level 1:colcon.colcon_core.package_identification:_identify(scara) by extensions ['colcon_meta']
[0.157s] Level 1:colcon.colcon_core.package_identification:_identify(scara) by extension 'colcon_meta'
[0.157s] Level 1:colcon.colcon_core.package_identification:_identify(scara) by extensions ['ros']
[0.157s] Level 1:colcon.colcon_core.package_identification:_identify(scara) by extension 'ros'
[0.159s] DEBUG:colcon.colcon_core.package_identification:Package 'scara' with type 'ros.ament_cmake' and name 'scara'
[0.159s] Level 1:colcon.colcon_core.package_identification:_identify(scara_gz) by extensions ['ignore', 'ignore_ament_install']
[0.159s] Level 1:colcon.colcon_core.package_identification:_identify(scara_gz) by extension 'ignore'
[0.159s] Level 1:colcon.colcon_core.package_identification:_identify(scara_gz) by extension 'ignore_ament_install'
[0.159s] Level 1:colcon.colcon_core.package_identification:_identify(scara_gz) by extensions ['colcon_pkg']
[0.159s] Level 1:colcon.colcon_core.package_identification:_identify(scara_gz) by extension 'colcon_pkg'
[0.159s] Level 1:colcon.colcon_core.package_identification:_identify(scara_gz) by extensions ['colcon_meta']
[0.159s] Level 1:colcon.colcon_core.package_identification:_identify(scara_gz) by extension 'colcon_meta'
[0.159s] Level 1:colcon.colcon_core.package_identification:_identify(scara_gz) by extensions ['ros']
[0.159s] Level 1:colcon.colcon_core.package_identification:_identify(scara_gz) by extension 'ros'
[0.160s] DEBUG:colcon.colcon_core.package_identification:Package 'scara_gz' with type 'ros.ament_cmake' and name 'scara_gz'
[0.160s] Level 1:colcon.colcon_core.package_identification:_identify(scara_moveit) by extensions ['ignore', 'ignore_ament_install']
[0.160s] Level 1:colcon.colcon_core.package_identification:_identify(scara_moveit) by extension 'ignore'
[0.161s] Level 1:colcon.colcon_core.package_identification:_identify(scara_moveit) by extension 'ignore_ament_install'
[0.161s] Level 1:colcon.colcon_core.package_identification:_identify(scara_moveit) by extensions ['colcon_pkg']
[0.161s] Level 1:colcon.colcon_core.package_identification:_identify(scara_moveit) by extension 'colcon_pkg'
[0.161s] Level 1:colcon.colcon_core.package_identification:_identify(scara_moveit) by extensions ['colcon_meta']
[0.161s] Level 1:colcon.colcon_core.package_identification:_identify(scara_moveit) by extension 'colcon_meta'
[0.161s] Level 1:colcon.colcon_core.package_identification:_identify(scara_moveit) by extensions ['ros']
[0.161s] Level 1:colcon.colcon_core.package_identification:_identify(scara_moveit) by extension 'ros'
[0.162s] DEBUG:colcon.colcon_core.package_identification:Package 'scara_moveit' with type 'ros.ament_cmake' and name 'scara_moveit'
[0.162s] Level 1:colcon.colcon_core.package_discovery:discover_packages(recursive) using defaults
[0.162s] Level 1:colcon.colcon_core.package_discovery:discover_packages(ignore) discover
[0.162s] Level 1:colcon.colcon_core.package_discovery:discover_packages(ignore) using defaults
[0.162s] Level 1:colcon.colcon_core.package_discovery:discover_packages(path) discover
[0.162s] Level 1:colcon.colcon_core.package_discovery:discover_packages(path) using defaults
[0.176s] INFO:colcon.colcon_core.package_selection:Skipping not selected package 'scara' in 'scara'
[0.176s] INFO:colcon.colcon_core.package_selection:Skipping not selected package 'scara_moveit' in 'scara_moveit'
[0.176s] Level 1:colcon.colcon_core.package_discovery:discover_packages(prefix_path) check parameters
[0.176s] Level 1:colcon.colcon_core.package_discovery:discover_packages(prefix_path) discover
[0.178s] DEBUG:colcon.colcon_installed_package_information.package_discovery:Found 351 installed packages in /opt/ros/jazzy
[0.178s] Level 1:colcon.colcon_core.package_discovery:discover_packages(prefix_path) using defaults
[0.207s] Level 5:colcon.colcon_core.verb:set package 'scara_gz' build argument 'cmake_args' from command line to 'None'
[0.207s] Level 5:colcon.colcon_core.verb:set package 'scara_gz' build argument 'cmake_target' from command line to 'None'
[0.207s] Level 5:colcon.colcon_core.verb:set package 'scara_gz' build argument 'cmake_target_skip_unavailable' from command line to 'False'
[0.207s] Level 5:colcon.colcon_core.verb:set package 'scara_gz' build argument 'cmake_clean_cache' from command line to 'False'
[0.207s] Level 5:colcon.colcon_core.verb:set package 'scara_gz' build argument 'cmake_clean_first' from command line to 'False'
[0.207s] Level 5:colcon.colcon_core.verb:set package 'scara_gz' build argument 'cmake_force_configure' from command line to 'False'
[0.207s] Level 5:colcon.colcon_core.verb:set package 'scara_gz' build argument 'ament_cmake_args' from command line to 'None'
[0.207s] Level 5:colcon.colcon_core.verb:set package 'scara_gz' build argument 'catkin_cmake_args' from command line to 'None'
[0.207s] Level 5:colcon.colcon_core.verb:set package 'scara_gz' build argument 'catkin_skip_building_tests' from command line to 'False'
[0.207s] DEBUG:colcon.colcon_core.verb:Building package 'scara_gz' with the following arguments: {'ament_cmake_args': None, 'build_base': '/home/ubuntu/cpm/scaraModified/ros-jazzy-scara/build/scara_gz', 'catkin_cmake_args': None, 'catkin_skip_building_tests': False, 'cmake_args': None, 'cmake_clean_cache': False, 'cmake_clean_first': False, 'cmake_force_configure': False, 'cmake_target': None, 'cmake_target_skip_unavailable': False, 'install_base': '/home/ubuntu/cpm/scaraModified/ros-jazzy-scara/install/scara_gz', 'merge_install': False, 'path': '/home/ubuntu/cpm/scaraModified/ros-jazzy-scara/scara_gz', 'symlink_install': False, 'test_result_base': None}
[0.208s] INFO:colcon.colcon_core.executor:Executing jobs using 'parallel' executor
[0.209s] DEBUG:colcon.colcon_parallel_executor.executor.parallel:run_until_complete
[0.209s] INFO:colcon.colcon_ros.task.ament_cmake.build:Building ROS package in '/home/ubuntu/cpm/scaraModified/ros-jazzy-scara/scara_gz' with build type 'ament_cmake'
[0.209s] INFO:colcon.colcon_cmake.task.cmake.build:Building CMake package in '/home/ubuntu/cpm/scaraModified/ros-jazzy-scara/scara_gz'
[0.211s] INFO:colcon.colcon_core.plugin_system:Skipping extension 'colcon_core.shell.bat': Not used on non-Windows systems
[0.211s] INFO:colcon.colcon_core.shell:Skip shell extension 'powershell' for command environment: Not usable outside of PowerShell
[0.211s] DEBUG:colcon.colcon_core.shell:Skip shell extension 'dsv' for command environment
[0.222s] DEBUG:colcon.colcon_core.event_handler.log_command:Invoking command in '/home/ubuntu/cpm/scaraModified/ros-jazzy-scara/build/scara_gz': CMAKE_PREFIX_PATH=${CMAKE_PREFIX_PATH}:/opt/ros/jazzy /usr/bin/cmake /home/ubuntu/cpm/scaraModified/ros-jazzy-scara/scara_gz -DCMAKE_INSTALL_PREFIX=/home/ubuntu/cpm/scaraModified/ros-jazzy-scara/install/scara_gz
[1.790s] DEBUG:colcon.colcon_core.event_handler.log_command:Invoked command in '/home/ubuntu/cpm/scaraModified/ros-jazzy-scara/build/scara_gz' returned '0': CMAKE_PREFIX_PATH=${CMAKE_PREFIX_PATH}:/opt/ros/jazzy /usr/bin/cmake /home/ubuntu/cpm/scaraModified/ros-jazzy-scara/scara_gz -DCMAKE_INSTALL_PREFIX=/home/ubuntu/cpm/scaraModified/ros-jazzy-scara/install/scara_gz
[1.792s] DEBUG:colcon.colcon_core.event_handler.log_command:Invoking command in '/home/ubuntu/cpm/scaraModified/ros-jazzy-scara/build/scara_gz': CMAKE_PREFIX_PATH=${CMAKE_PREFIX_PATH}:/opt/ros/jazzy /usr/bin/cmake --build /home/ubuntu/cpm/scaraModified/ros-jazzy-scara/build/scara_gz -- -j24 -l24
[1.816s] DEBUG:colcon.colcon_core.event_handler.log_command:Invoked command in '/home/ubuntu/cpm/scaraModified/ros-jazzy-scara/build/scara_gz' returned '0': CMAKE_PREFIX_PATH=${CMAKE_PREFIX_PATH}:/opt/ros/jazzy /usr/bin/cmake --build /home/ubuntu/cpm/scaraModified/ros-jazzy-scara/build/scara_gz -- -j24 -l24
[1.822s] DEBUG:colcon.colcon_core.event_handler.log_command:Invoking command in '/home/ubuntu/cpm/scaraModified/ros-jazzy-scara/build/scara_gz': CMAKE_PREFIX_PATH=${CMAKE_PREFIX_PATH}:/opt/ros/jazzy /usr/bin/cmake --install /home/ubuntu/cpm/scaraModified/ros-jazzy-scara/build/scara_gz
[1.833s] Level 1:colcon.colcon_core.environment:create_environment_scripts_only(scara_gz)
[1.833s] DEBUG:colcon.colcon_core.event_handler.log_command:Invoked command in '/home/ubuntu/cpm/scaraModified/ros-jazzy-scara/build/scara_gz' returned '0': CMAKE_PREFIX_PATH=${CMAKE_PREFIX_PATH}:/opt/ros/jazzy /usr/bin/cmake --install /home/ubuntu/cpm/scaraModified/ros-jazzy-scara/build/scara_gz
[1.834s] Level 1:colcon.colcon_core.environment:checking '/home/ubuntu/cpm/scaraModified/ros-jazzy-scara/install/scara_gz' for CMake module files
[1.834s] Level 1:colcon.colcon_core.environment:checking '/home/ubuntu/cpm/scaraModified/ros-jazzy-scara/install/scara_gz' for CMake config files
[1.835s] Level 1:colcon.colcon_core.shell:create_environment_hook('scara_gz', 'cmake_prefix_path')
[1.835s] INFO:colcon.colcon_core.shell:Creating environment hook '/home/ubuntu/cpm/scaraModified/ros-jazzy-scara/install/scara_gz/share/scara_gz/hook/cmake_prefix_path.ps1'
[1.835s] INFO:colcon.colcon_core.shell:Creating environment descriptor '/home/ubuntu/cpm/scaraModified/ros-jazzy-scara/install/scara_gz/share/scara_gz/hook/cmake_prefix_path.dsv'
[1.836s] INFO:colcon.colcon_core.shell:Creating environment hook '/home/ubuntu/cpm/scaraModified/ros-jazzy-scara/install/scara_gz/share/scara_gz/hook/cmake_prefix_path.sh'
[1.837s] Level 1:colcon.colcon_core.environment:checking '/home/ubuntu/cpm/scaraModified/ros-jazzy-scara/install/scara_gz/bin'
[1.837s] Level 1:colcon.colcon_core.environment:checking '/home/ubuntu/cpm/scaraModified/ros-jazzy-scara/install/scara_gz/lib/pkgconfig/scara_gz.pc'
[1.838s] Level 1:colcon.colcon_core.environment:checking '/home/ubuntu/cpm/scaraModified/ros-jazzy-scara/install/scara_gz/lib/python3.12/site-packages'
[1.838s] Level 1:colcon.colcon_core.environment:checking '/home/ubuntu/cpm/scaraModified/ros-jazzy-scara/install/scara_gz/bin'
[1.838s] INFO:colcon.colcon_core.shell:Creating package script '/home/ubuntu/cpm/scaraModified/ros-jazzy-scara/install/scara_gz/share/scara_gz/package.ps1'
[1.839s] INFO:colcon.colcon_core.shell:Creating package descriptor '/home/ubuntu/cpm/scaraModified/ros-jazzy-scara/install/scara_gz/share/scara_gz/package.dsv'
[1.839s] INFO:colcon.colcon_core.shell:Creating package script '/home/ubuntu/cpm/scaraModified/ros-jazzy-scara/install/scara_gz/share/scara_gz/package.sh'
[1.840s] INFO:colcon.colcon_core.shell:Creating package script '/home/ubuntu/cpm/scaraModified/ros-jazzy-scara/install/scara_gz/share/scara_gz/package.bash'
[1.840s] INFO:colcon.colcon_core.shell:Creating package script '/home/ubuntu/cpm/scaraModified/ros-jazzy-scara/install/scara_gz/share/scara_gz/package.zsh'
[1.840s] Level 1:colcon.colcon_core.environment:create_file_with_runtime_dependencies(/home/ubuntu/cpm/scaraModified/ros-jazzy-scara/install/scara_gz/share/colcon-core/packages/scara_gz)
[1.841s] Level 1:colcon.colcon_core.environment:create_environment_scripts_only(scara_gz)
[1.841s] Level 1:colcon.colcon_core.environment:checking '/home/ubuntu/cpm/scaraModified/ros-jazzy-scara/install/scara_gz' for CMake module files
[1.842s] Level 1:colcon.colcon_core.environment:checking '/home/ubuntu/cpm/scaraModified/ros-jazzy-scara/install/scara_gz' for CMake config files
[1.842s] Level 1:colcon.colcon_core.shell:create_environment_hook('scara_gz', 'cmake_prefix_path')
[1.842s] INFO:colcon.colcon_core.shell:Creating environment hook '/home/ubuntu/cpm/scaraModified/ros-jazzy-scara/install/scara_gz/share/scara_gz/hook/cmake_prefix_path.ps1'
[1.842s] INFO:colcon.colcon_core.shell:Creating environment descriptor '/home/ubuntu/cpm/scaraModified/ros-jazzy-scara/install/scara_gz/share/scara_gz/hook/cmake_prefix_path.dsv'
[1.843s] INFO:colcon.colcon_core.shell:Creating environment hook '/home/ubuntu/cpm/scaraModified/ros-jazzy-scara/install/scara_gz/share/scara_gz/hook/cmake_prefix_path.sh'
[1.843s] Level 1:colcon.colcon_core.environment:checking '/home/ubuntu/cpm/scaraModified/ros-jazzy-scara/install/scara_gz/bin'
[1.843s] Level 1:colcon.colcon_core.environment:checking '/home/ubuntu/cpm/scaraModified/ros-jazzy-scara/install/scara_gz/lib/pkgconfig/scara_gz.pc'
[1.843s] Level 1:colcon.colcon_core.environment:checking '/home/ubuntu/cpm/scaraModified/ros-jazzy-scara/install/scara_gz/lib/python3.12/site-packages'
[1.844s] Level 1:colcon.colcon_core.environment:checking '/home/ubuntu/cpm/scaraModified/ros-jazzy-scara/install/scara_gz/bin'
[1.844s] INFO:colcon.colcon_core.shell:Creating package script '/home/ubuntu/cpm/scaraModified/ros-jazzy-scara/install/scara_gz/share/scara_gz/package.ps1'
[1.844s] INFO:colcon.colcon_core.shell:Creating package descriptor '/home/ubuntu/cpm/scaraModified/ros-jazzy-scara/install/scara_gz/share/scara_gz/package.dsv'
[1.845s] INFO:colcon.colcon_core.shell:Creating package script '/home/ubuntu/cpm/scaraModified/ros-jazzy-scara/install/scara_gz/share/scara_gz/package.sh'
[1.845s] INFO:colcon.colcon_core.shell:Creating package script '/home/ubuntu/cpm/scaraModified/ros-jazzy-scara/install/scara_gz/share/scara_gz/package.bash'
[1.845s] INFO:colcon.colcon_core.shell:Creating package script '/home/ubuntu/cpm/scaraModified/ros-jazzy-scara/install/scara_gz/share/scara_gz/package.zsh'
[1.846s] Level 1:colcon.colcon_core.environment:create_file_with_runtime_dependencies(/home/ubuntu/cpm/scaraModified/ros-jazzy-scara/install/scara_gz/share/colcon-core/packages/scara_gz)
[1.846s] DEBUG:colcon.colcon_parallel_executor.executor.parallel:closing loop
[1.847s] DEBUG:colcon.colcon_parallel_executor.executor.parallel:loop closed
[1.847s] DEBUG:colcon.colcon_parallel_executor.executor.parallel:run_until_complete finished with '0'
[1.847s] DEBUG:colcon.colcon_core.event_reactor:joining thread
[1.880s] INFO:colcon.colcon_core.plugin_system:Skipping extension 'colcon_notification.desktop_notification.notify_send': Could not find 'notify-send'
[1.880s] INFO:colcon.colcon_core.plugin_system:Skipping extension 'colcon_notification.desktop_notification.terminal_notifier': Not used on non-Darwin systems
[1.880s] INFO:colcon.colcon_core.plugin_system:Skipping extension 'colcon_notification.desktop_notification.win32': Not used on non-Windows systems
[1.880s] INFO:colcon.colcon_notification.desktop_notification:Sending desktop notification using 'notify2'
[1.881s] DEBUG:colcon.colcon_notification.desktop_notification.notify2:Failed to initialize notify2: org.freedesktop.DBus.Error.ServiceUnknown: The name org.freedesktop.Notifications was not provided by any .service files
[1.881s] DEBUG:colcon.colcon_core.event_reactor:joined thread
[1.881s] INFO:colcon.colcon_core.shell:Creating prefix script '/home/ubuntu/cpm/scaraModified/ros-jazzy-scara/install/local_setup.ps1'
[1.882s] INFO:colcon.colcon_core.shell:Creating prefix util module '/home/ubuntu/cpm/scaraModified/ros-jazzy-scara/install/_local_setup_util_ps1.py'
[1.882s] INFO:colcon.colcon_core.shell:Creating prefix chain script '/home/ubuntu/cpm/scaraModified/ros-jazzy-scara/install/setup.ps1'
[1.883s] INFO:colcon.colcon_core.shell:Creating prefix script '/home/ubuntu/cpm/scaraModified/ros-jazzy-scara/install/local_setup.sh'
[1.883s] INFO:colcon.colcon_core.shell:Creating prefix util module '/home/ubuntu/cpm/scaraModified/ros-jazzy-scara/install/_local_setup_util_sh.py'
[1.883s] INFO:colcon.colcon_core.shell:Creating prefix chain script '/home/ubuntu/cpm/scaraModified/ros-jazzy-scara/install/setup.sh'
[1.884s] INFO:colcon.colcon_core.shell:Creating prefix script '/home/ubuntu/cpm/scaraModified/ros-jazzy-scara/install/local_setup.bash'
[1.884s] INFO:colcon.colcon_core.shell:Creating prefix chain script '/home/ubuntu/cpm/scaraModified/ros-jazzy-scara/install/setup.bash'
[1.885s] INFO:colcon.colcon_core.shell:Creating prefix script '/home/ubuntu/cpm/scaraModified/ros-jazzy-scara/install/local_setup.zsh'
[1.885s] INFO:colcon.colcon_core.shell:Creating prefix chain script '/home/ubuntu/cpm/scaraModified/ros-jazzy-scara/install/setup.zsh'
