-- Install configuration: ""
-- Up-to-date: /home/ubuntu/cpm/scaraModified/ros-jazzy-scara/install/scara_gz/share/scara_gz/launch
-- Up-to-date: /home/ubuntu/cpm/scaraModified/ros-jazzy-scara/install/scara_gz/share/scara_gz/launch/sim.launch.py
-- Up-to-date: /home/ubuntu/cpm/scaraModified/ros-jazzy-scara/install/scara_gz/share/scara_gz/urdf
-- Up-to-date: /home/ubuntu/cpm/scaraModified/ros-jazzy-scara/install/scara_gz/share/scara_gz/urdf/gz.xacro
-- Up-to-date: /home/ubuntu/cpm/scaraModified/ros-jazzy-scara/install/scara_gz/share/scara_gz/config
-- Up-to-date: /home/ubuntu/cpm/scaraModified/ros-jazzy-scara/install/scara_gz/share/scara_gz/config/bridge_parameters.yaml
-- Installing: /home/ubuntu/cpm/scaraModified/ros-jazzy-scara/install/scara_gz/share/scara_gz/config/gz_controller.yaml
-- Up-to-date: /home/ubuntu/cpm/scaraModified/ros-jazzy-scara/install/scara_gz/share/scara_gz/config/bridge_config.yaml
-- Up-to-date: /home/ubuntu/cpm/scaraModified/ros-jazzy-scara/install/scara_gz/share/ament_index/resource_index/package_run_dependencies/scara_gz
-- Up-to-date: /home/ubuntu/cpm/scaraModified/ros-jazzy-scara/install/scara_gz/share/ament_index/resource_index/parent_prefix_path/scara_gz
-- Up-to-date: /home/ubuntu/cpm/scaraModified/ros-jazzy-scara/install/scara_gz/share/scara_gz/environment/ament_prefix_path.sh
-- Up-to-date: /home/ubuntu/cpm/scaraModified/ros-jazzy-scara/install/scara_gz/share/scara_gz/environment/ament_prefix_path.dsv
-- Up-to-date: /home/ubuntu/cpm/scaraModified/ros-jazzy-scara/install/scara_gz/share/scara_gz/environment/path.sh
-- Up-to-date: /home/ubuntu/cpm/scaraModified/ros-jazzy-scara/install/scara_gz/share/scara_gz/environment/path.dsv
-- Up-to-date: /home/ubuntu/cpm/scaraModified/ros-jazzy-scara/install/scara_gz/share/scara_gz/local_setup.bash
-- Up-to-date: /home/ubuntu/cpm/scaraModified/ros-jazzy-scara/install/scara_gz/share/scara_gz/local_setup.sh
-- Up-to-date: /home/ubuntu/cpm/scaraModified/ros-jazzy-scara/install/scara_gz/share/scara_gz/local_setup.zsh
-- Up-to-date: /home/ubuntu/cpm/scaraModified/ros-jazzy-scara/install/scara_gz/share/scara_gz/local_setup.dsv
-- Installing: /home/ubuntu/cpm/scaraModified/ros-jazzy-scara/install/scara_gz/share/scara_gz/package.dsv
-- Up-to-date: /home/ubuntu/cpm/scaraModified/ros-jazzy-scara/install/scara_gz/share/ament_index/resource_index/packages/scara_gz
-- Up-to-date: /home/ubuntu/cpm/scaraModified/ros-jazzy-scara/install/scara_gz/share/scara_gz/cmake/scara_gzConfig.cmake
-- Up-to-date: /home/ubuntu/cpm/scaraModified/ros-jazzy-scara/install/scara_gz/share/scara_gz/cmake/scara_gzConfig-version.cmake
-- Up-to-date: /home/ubuntu/cpm/scaraModified/ros-jazzy-scara/install/scara_gz/share/scara_gz/package.xml
