[0.192s] DEBUG:colcon:Command line arguments: ['/usr/bin/colcon', 'build', '--packages-select', 'scara']
[0.192s] DEBUG:colcon:Parsed command line arguments: Namespace(log_base=None, log_level=None, verb_name='build', build_base='build', install_base='install', merge_install=False, symlink_install=False, test_result_base=None, continue_on_error=False, executor='parallel', parallel_workers=24, event_handlers=None, ignore_user_meta=False, metas=['./colcon.meta'], base_paths=['.'], packages_ignore=None, packages_ignore_regex=None, paths=None, packages_up_to=None, packages_up_to_regex=None, packages_above=None, packages_above_and_dependencies=None, packages_above_depth=None, packages_select_by_dep=None, packages_skip_by_dep=None, packages_skip_up_to=None, packages_select_build_failed=False, packages_skip_build_finished=False, packages_select_test_failures=False, packages_skip_test_passed=False, packages_select=['scara'], packages_skip=None, packages_select_regex=None, packages_skip_regex=None, packages_start=None, packages_end=None, allow_overriding=[], cmake_args=None, cmake_target=None, cmake_target_skip_unavailable=False, cmake_clean_cache=False, cmake_clean_first=False, cmake_force_configure=False, ament_cmake_args=None, catkin_cmake_args=None, catkin_skip_building_tests=False, verb_parser=<colcon_defaults.argument_parser.defaults.DefaultArgumentsDecorator object at 0x7f438edde6f0>, verb_extension=<colcon_core.verb.build.BuildVerb object at 0x7f438ed88590>, main=<bound method BuildVerb.main of <colcon_core.verb.build.BuildVerb object at 0x7f438ed88590>>)
[0.238s] Level 1:colcon.colcon_core.package_discovery:discover_packages(colcon_meta) check parameters
[0.239s] Level 1:colcon.colcon_core.package_discovery:discover_packages(recursive) check parameters
[0.239s] Level 1:colcon.colcon_core.package_discovery:discover_packages(ignore) check parameters
[0.239s] Level 1:colcon.colcon_core.package_discovery:discover_packages(path) check parameters
[0.239s] Level 1:colcon.colcon_core.package_discovery:discover_packages(colcon_meta) discover
[0.239s] Level 1:colcon.colcon_core.package_discovery:discover_packages(recursive) discover
[0.239s] INFO:colcon.colcon_core.package_discovery:Crawling recursively for packages in '/home/ubuntu/cpm/scaraModified/ros-jazzy-scara'
[0.239s] Level 1:colcon.colcon_core.package_identification:_identify(.) by extensions ['ignore', 'ignore_ament_install']
[0.239s] Level 1:colcon.colcon_core.package_identification:_identify(.) by extension 'ignore'
[0.239s] Level 1:colcon.colcon_core.package_identification:_identify(.) by extension 'ignore_ament_install'
[0.239s] Level 1:colcon.colcon_core.package_identification:_identify(.) by extensions ['colcon_pkg']
[0.239s] Level 1:colcon.colcon_core.package_identification:_identify(.) by extension 'colcon_pkg'
[0.239s] Level 1:colcon.colcon_core.package_identification:_identify(.) by extensions ['colcon_meta']
[0.239s] Level 1:colcon.colcon_core.package_identification:_identify(.) by extension 'colcon_meta'
[0.239s] Level 1:colcon.colcon_core.package_identification:_identify(.) by extensions ['ros']
[0.239s] Level 1:colcon.colcon_core.package_identification:_identify(.) by extension 'ros'
[0.265s] Level 1:colcon.colcon_core.package_identification:_identify(.) by extensions ['cmake', 'python']
[0.265s] Level 1:colcon.colcon_core.package_identification:_identify(.) by extension 'cmake'
[0.265s] Level 1:colcon.colcon_core.package_identification:_identify(.) by extension 'python'
[0.265s] Level 1:colcon.colcon_core.package_identification:_identify(.) by extensions ['python_setup_py']
[0.265s] Level 1:colcon.colcon_core.package_identification:_identify(.) by extension 'python_setup_py'
[0.265s] Level 1:colcon.colcon_core.package_identification:_identify(build) by extensions ['ignore', 'ignore_ament_install']
[0.265s] Level 1:colcon.colcon_core.package_identification:_identify(build) by extension 'ignore'
[0.266s] Level 1:colcon.colcon_core.package_identification:_identify(build) ignored
[0.266s] Level 1:colcon.colcon_core.package_identification:_identify(install) by extensions ['ignore', 'ignore_ament_install']
[0.266s] Level 1:colcon.colcon_core.package_identification:_identify(install) by extension 'ignore'
[0.266s] Level 1:colcon.colcon_core.package_identification:_identify(install) ignored
[0.266s] Level 1:colcon.colcon_core.package_identification:_identify(log) by extensions ['ignore', 'ignore_ament_install']
[0.266s] Level 1:colcon.colcon_core.package_identification:_identify(log) by extension 'ignore'
[0.266s] Level 1:colcon.colcon_core.package_identification:_identify(log) ignored
[0.266s] Level 1:colcon.colcon_core.package_identification:_identify(scara) by extensions ['ignore', 'ignore_ament_install']
[0.267s] Level 1:colcon.colcon_core.package_identification:_identify(scara) by extension 'ignore'
[0.267s] Level 1:colcon.colcon_core.package_identification:_identify(scara) by extension 'ignore_ament_install'
[0.267s] Level 1:colcon.colcon_core.package_identification:_identify(scara) by extensions ['colcon_pkg']
[0.267s] Level 1:colcon.colcon_core.package_identification:_identify(scara) by extension 'colcon_pkg'
[0.267s] Level 1:colcon.colcon_core.package_identification:_identify(scara) by extensions ['colcon_meta']
[0.267s] Level 1:colcon.colcon_core.package_identification:_identify(scara) by extension 'colcon_meta'
[0.267s] Level 1:colcon.colcon_core.package_identification:_identify(scara) by extensions ['ros']
[0.267s] Level 1:colcon.colcon_core.package_identification:_identify(scara) by extension 'ros'
[0.269s] DEBUG:colcon.colcon_core.package_identification:Package 'scara' with type 'ros.ament_cmake' and name 'scara'
[0.269s] Level 1:colcon.colcon_core.package_identification:_identify(scara_gz) by extensions ['ignore', 'ignore_ament_install']
[0.269s] Level 1:colcon.colcon_core.package_identification:_identify(scara_gz) by extension 'ignore'
[0.270s] Level 1:colcon.colcon_core.package_identification:_identify(scara_gz) by extension 'ignore_ament_install'
[0.270s] Level 1:colcon.colcon_core.package_identification:_identify(scara_gz) by extensions ['colcon_pkg']
[0.270s] Level 1:colcon.colcon_core.package_identification:_identify(scara_gz) by extension 'colcon_pkg'
[0.270s] Level 1:colcon.colcon_core.package_identification:_identify(scara_gz) by extensions ['colcon_meta']
[0.270s] Level 1:colcon.colcon_core.package_identification:_identify(scara_gz) by extension 'colcon_meta'
[0.270s] Level 1:colcon.colcon_core.package_identification:_identify(scara_gz) by extensions ['ros']
[0.270s] Level 1:colcon.colcon_core.package_identification:_identify(scara_gz) by extension 'ros'
[0.270s] DEBUG:colcon.colcon_core.package_identification:Package 'scara_gz' with type 'ros.ament_cmake' and name 'scara_gz'
[0.271s] Level 1:colcon.colcon_core.package_identification:_identify(scara_moveit) by extensions ['ignore', 'ignore_ament_install']
[0.271s] Level 1:colcon.colcon_core.package_identification:_identify(scara_moveit) by extension 'ignore'
[0.271s] Level 1:colcon.colcon_core.package_identification:_identify(scara_moveit) by extension 'ignore_ament_install'
[0.271s] Level 1:colcon.colcon_core.package_identification:_identify(scara_moveit) by extensions ['colcon_pkg']
[0.271s] Level 1:colcon.colcon_core.package_identification:_identify(scara_moveit) by extension 'colcon_pkg'
[0.271s] Level 1:colcon.colcon_core.package_identification:_identify(scara_moveit) by extensions ['colcon_meta']
[0.271s] Level 1:colcon.colcon_core.package_identification:_identify(scara_moveit) by extension 'colcon_meta'
[0.271s] Level 1:colcon.colcon_core.package_identification:_identify(scara_moveit) by extensions ['ros']
[0.271s] Level 1:colcon.colcon_core.package_identification:_identify(scara_moveit) by extension 'ros'
[0.272s] DEBUG:colcon.colcon_core.package_identification:Package 'scara_moveit' with type 'ros.ament_cmake' and name 'scara_moveit'
[0.272s] Level 1:colcon.colcon_core.package_discovery:discover_packages(recursive) using defaults
[0.272s] Level 1:colcon.colcon_core.package_discovery:discover_packages(ignore) discover
[0.272s] Level 1:colcon.colcon_core.package_discovery:discover_packages(ignore) using defaults
[0.272s] Level 1:colcon.colcon_core.package_discovery:discover_packages(path) discover
[0.272s] Level 1:colcon.colcon_core.package_discovery:discover_packages(path) using defaults
[0.293s] INFO:colcon.colcon_core.package_selection:Skipping not selected package 'scara_gz' in 'scara_gz'
[0.294s] INFO:colcon.colcon_core.package_selection:Skipping not selected package 'scara_moveit' in 'scara_moveit'
[0.294s] Level 1:colcon.colcon_core.package_discovery:discover_packages(prefix_path) check parameters
[0.294s] Level 1:colcon.colcon_core.package_discovery:discover_packages(prefix_path) discover
[0.297s] DEBUG:colcon.colcon_installed_package_information.package_discovery:Found 1 installed packages in /home/ubuntu/cpm/scaraModified/ros-jazzy-scara/install
[0.299s] DEBUG:colcon.colcon_installed_package_information.package_discovery:Found 351 installed packages in /opt/ros/jazzy
[0.299s] Level 1:colcon.colcon_core.package_discovery:discover_packages(prefix_path) using defaults
[0.372s] Level 5:colcon.colcon_core.verb:set package 'scara' build argument 'cmake_args' from command line to 'None'
[0.372s] Level 5:colcon.colcon_core.verb:set package 'scara' build argument 'cmake_target' from command line to 'None'
[0.372s] Level 5:colcon.colcon_core.verb:set package 'scara' build argument 'cmake_target_skip_unavailable' from command line to 'False'
[0.372s] Level 5:colcon.colcon_core.verb:set package 'scara' build argument 'cmake_clean_cache' from command line to 'False'
[0.372s] Level 5:colcon.colcon_core.verb:set package 'scara' build argument 'cmake_clean_first' from command line to 'False'
[0.372s] Level 5:colcon.colcon_core.verb:set package 'scara' build argument 'cmake_force_configure' from command line to 'False'
[0.372s] Level 5:colcon.colcon_core.verb:set package 'scara' build argument 'ament_cmake_args' from command line to 'None'
[0.372s] Level 5:colcon.colcon_core.verb:set package 'scara' build argument 'catkin_cmake_args' from command line to 'None'
[0.372s] Level 5:colcon.colcon_core.verb:set package 'scara' build argument 'catkin_skip_building_tests' from command line to 'False'
[0.372s] DEBUG:colcon.colcon_core.verb:Building package 'scara' with the following arguments: {'ament_cmake_args': None, 'build_base': '/home/ubuntu/cpm/scaraModified/ros-jazzy-scara/build/scara', 'catkin_cmake_args': None, 'catkin_skip_building_tests': False, 'cmake_args': None, 'cmake_clean_cache': False, 'cmake_clean_first': False, 'cmake_force_configure': False, 'cmake_target': None, 'cmake_target_skip_unavailable': False, 'install_base': '/home/ubuntu/cpm/scaraModified/ros-jazzy-scara/install/scara', 'merge_install': False, 'path': '/home/ubuntu/cpm/scaraModified/ros-jazzy-scara/scara', 'symlink_install': False, 'test_result_base': None}
[0.372s] INFO:colcon.colcon_core.executor:Executing jobs using 'parallel' executor
[0.373s] DEBUG:colcon.colcon_parallel_executor.executor.parallel:run_until_complete
[0.374s] INFO:colcon.colcon_ros.task.ament_cmake.build:Building ROS package in '/home/ubuntu/cpm/scaraModified/ros-jazzy-scara/scara' with build type 'ament_cmake'
[0.374s] INFO:colcon.colcon_cmake.task.cmake.build:Building CMake package in '/home/ubuntu/cpm/scaraModified/ros-jazzy-scara/scara'
[0.377s] INFO:colcon.colcon_core.plugin_system:Skipping extension 'colcon_core.shell.bat': Not used on non-Windows systems
[0.377s] INFO:colcon.colcon_core.shell:Skip shell extension 'powershell' for command environment: Not usable outside of PowerShell
[0.377s] DEBUG:colcon.colcon_core.shell:Skip shell extension 'dsv' for command environment
[0.384s] DEBUG:colcon.colcon_core.event_handler.log_command:Invoking command in '/home/ubuntu/cpm/scaraModified/ros-jazzy-scara/build/scara': CMAKE_PREFIX_PATH=${CMAKE_PREFIX_PATH}:/opt/ros/jazzy /usr/bin/cmake --build /home/ubuntu/cpm/scaraModified/ros-jazzy-scara/build/scara -- -j24 -l24
[0.454s] DEBUG:colcon.colcon_core.event_handler.log_command:Invoked command in '/home/ubuntu/cpm/scaraModified/ros-jazzy-scara/build/scara' returned '0': CMAKE_PREFIX_PATH=${CMAKE_PREFIX_PATH}:/opt/ros/jazzy /usr/bin/cmake --build /home/ubuntu/cpm/scaraModified/ros-jazzy-scara/build/scara -- -j24 -l24
[0.462s] DEBUG:colcon.colcon_core.event_handler.log_command:Invoking command in '/home/ubuntu/cpm/scaraModified/ros-jazzy-scara/build/scara': CMAKE_PREFIX_PATH=${CMAKE_PREFIX_PATH}:/opt/ros/jazzy /usr/bin/cmake --install /home/ubuntu/cpm/scaraModified/ros-jazzy-scara/build/scara
[0.470s] Level 1:colcon.colcon_core.environment:create_environment_scripts_only(scara)
[0.471s] DEBUG:colcon.colcon_core.event_handler.log_command:Invoked command in '/home/ubuntu/cpm/scaraModified/ros-jazzy-scara/build/scara' returned '0': CMAKE_PREFIX_PATH=${CMAKE_PREFIX_PATH}:/opt/ros/jazzy /usr/bin/cmake --install /home/ubuntu/cpm/scaraModified/ros-jazzy-scara/build/scara
[0.474s] Level 1:colcon.colcon_core.environment:checking '/home/ubuntu/cpm/scaraModified/ros-jazzy-scara/install/scara' for CMake module files
[0.475s] Level 1:colcon.colcon_core.environment:checking '/home/ubuntu/cpm/scaraModified/ros-jazzy-scara/install/scara' for CMake config files
[0.476s] Level 1:colcon.colcon_core.shell:create_environment_hook('scara', 'cmake_prefix_path')
[0.476s] INFO:colcon.colcon_core.shell:Creating environment hook '/home/ubuntu/cpm/scaraModified/ros-jazzy-scara/install/scara/share/scara/hook/cmake_prefix_path.ps1'
[0.476s] INFO:colcon.colcon_core.shell:Creating environment descriptor '/home/ubuntu/cpm/scaraModified/ros-jazzy-scara/install/scara/share/scara/hook/cmake_prefix_path.dsv'
[0.477s] INFO:colcon.colcon_core.shell:Creating environment hook '/home/ubuntu/cpm/scaraModified/ros-jazzy-scara/install/scara/share/scara/hook/cmake_prefix_path.sh'
[0.477s] Level 1:colcon.colcon_core.environment:checking '/home/ubuntu/cpm/scaraModified/ros-jazzy-scara/install/scara/bin'
[0.478s] Level 1:colcon.colcon_core.environment:checking '/home/ubuntu/cpm/scaraModified/ros-jazzy-scara/install/scara/lib/pkgconfig/scara.pc'
[0.478s] Level 1:colcon.colcon_core.environment:checking '/home/ubuntu/cpm/scaraModified/ros-jazzy-scara/install/scara/lib/python3.12/site-packages'
[0.478s] Level 1:colcon.colcon_core.environment:checking '/home/ubuntu/cpm/scaraModified/ros-jazzy-scara/install/scara/bin'
[0.478s] INFO:colcon.colcon_core.shell:Creating package script '/home/ubuntu/cpm/scaraModified/ros-jazzy-scara/install/scara/share/scara/package.ps1'
[0.479s] INFO:colcon.colcon_core.shell:Creating package descriptor '/home/ubuntu/cpm/scaraModified/ros-jazzy-scara/install/scara/share/scara/package.dsv'
[0.479s] INFO:colcon.colcon_core.shell:Creating package script '/home/ubuntu/cpm/scaraModified/ros-jazzy-scara/install/scara/share/scara/package.sh'
[0.480s] INFO:colcon.colcon_core.shell:Creating package script '/home/ubuntu/cpm/scaraModified/ros-jazzy-scara/install/scara/share/scara/package.bash'
[0.480s] INFO:colcon.colcon_core.shell:Creating package script '/home/ubuntu/cpm/scaraModified/ros-jazzy-scara/install/scara/share/scara/package.zsh'
[0.481s] Level 1:colcon.colcon_core.environment:create_file_with_runtime_dependencies(/home/ubuntu/cpm/scaraModified/ros-jazzy-scara/install/scara/share/colcon-core/packages/scara)
[0.481s] Level 1:colcon.colcon_core.environment:create_environment_scripts_only(scara)
[0.481s] Level 1:colcon.colcon_core.environment:checking '/home/ubuntu/cpm/scaraModified/ros-jazzy-scara/install/scara' for CMake module files
[0.482s] Level 1:colcon.colcon_core.environment:checking '/home/ubuntu/cpm/scaraModified/ros-jazzy-scara/install/scara' for CMake config files
[0.482s] Level 1:colcon.colcon_core.shell:create_environment_hook('scara', 'cmake_prefix_path')
[0.482s] INFO:colcon.colcon_core.shell:Creating environment hook '/home/ubuntu/cpm/scaraModified/ros-jazzy-scara/install/scara/share/scara/hook/cmake_prefix_path.ps1'
[0.482s] INFO:colcon.colcon_core.shell:Creating environment descriptor '/home/ubuntu/cpm/scaraModified/ros-jazzy-scara/install/scara/share/scara/hook/cmake_prefix_path.dsv'
[0.482s] INFO:colcon.colcon_core.shell:Creating environment hook '/home/ubuntu/cpm/scaraModified/ros-jazzy-scara/install/scara/share/scara/hook/cmake_prefix_path.sh'
[0.483s] Level 1:colcon.colcon_core.environment:checking '/home/ubuntu/cpm/scaraModified/ros-jazzy-scara/install/scara/bin'
[0.483s] Level 1:colcon.colcon_core.environment:checking '/home/ubuntu/cpm/scaraModified/ros-jazzy-scara/install/scara/lib/pkgconfig/scara.pc'
[0.483s] Level 1:colcon.colcon_core.environment:checking '/home/ubuntu/cpm/scaraModified/ros-jazzy-scara/install/scara/lib/python3.12/site-packages'
[0.483s] Level 1:colcon.colcon_core.environment:checking '/home/ubuntu/cpm/scaraModified/ros-jazzy-scara/install/scara/bin'
[0.483s] INFO:colcon.colcon_core.shell:Creating package script '/home/ubuntu/cpm/scaraModified/ros-jazzy-scara/install/scara/share/scara/package.ps1'
[0.484s] INFO:colcon.colcon_core.shell:Creating package descriptor '/home/ubuntu/cpm/scaraModified/ros-jazzy-scara/install/scara/share/scara/package.dsv'
[0.484s] INFO:colcon.colcon_core.shell:Creating package script '/home/ubuntu/cpm/scaraModified/ros-jazzy-scara/install/scara/share/scara/package.sh'
[0.485s] INFO:colcon.colcon_core.shell:Creating package script '/home/ubuntu/cpm/scaraModified/ros-jazzy-scara/install/scara/share/scara/package.bash'
[0.485s] INFO:colcon.colcon_core.shell:Creating package script '/home/ubuntu/cpm/scaraModified/ros-jazzy-scara/install/scara/share/scara/package.zsh'
[0.485s] Level 1:colcon.colcon_core.environment:create_file_with_runtime_dependencies(/home/ubuntu/cpm/scaraModified/ros-jazzy-scara/install/scara/share/colcon-core/packages/scara)
[0.485s] DEBUG:colcon.colcon_parallel_executor.executor.parallel:closing loop
[0.486s] DEBUG:colcon.colcon_parallel_executor.executor.parallel:loop closed
[0.486s] DEBUG:colcon.colcon_parallel_executor.executor.parallel:run_until_complete finished with '0'
[0.486s] DEBUG:colcon.colcon_core.event_reactor:joining thread
[0.516s] INFO:colcon.colcon_core.plugin_system:Skipping extension 'colcon_notification.desktop_notification.notify_send': Could not find 'notify-send'
[0.516s] INFO:colcon.colcon_core.plugin_system:Skipping extension 'colcon_notification.desktop_notification.terminal_notifier': Not used on non-Darwin systems
[0.516s] INFO:colcon.colcon_core.plugin_system:Skipping extension 'colcon_notification.desktop_notification.win32': Not used on non-Windows systems
[0.516s] INFO:colcon.colcon_notification.desktop_notification:Sending desktop notification using 'notify2'
[0.517s] DEBUG:colcon.colcon_notification.desktop_notification.notify2:Failed to initialize notify2: org.freedesktop.DBus.Error.ServiceUnknown: The name org.freedesktop.Notifications was not provided by any .service files
[0.517s] DEBUG:colcon.colcon_core.event_reactor:joined thread
[0.518s] INFO:colcon.colcon_core.shell:Creating prefix script '/home/ubuntu/cpm/scaraModified/ros-jazzy-scara/install/local_setup.ps1'
[0.518s] INFO:colcon.colcon_core.shell:Creating prefix util module '/home/ubuntu/cpm/scaraModified/ros-jazzy-scara/install/_local_setup_util_ps1.py'
[0.519s] INFO:colcon.colcon_core.shell:Creating prefix chain script '/home/ubuntu/cpm/scaraModified/ros-jazzy-scara/install/setup.ps1'
[0.520s] INFO:colcon.colcon_core.shell:Creating prefix script '/home/ubuntu/cpm/scaraModified/ros-jazzy-scara/install/local_setup.sh'
[0.521s] INFO:colcon.colcon_core.shell:Creating prefix util module '/home/ubuntu/cpm/scaraModified/ros-jazzy-scara/install/_local_setup_util_sh.py'
[0.521s] INFO:colcon.colcon_core.shell:Creating prefix chain script '/home/ubuntu/cpm/scaraModified/ros-jazzy-scara/install/setup.sh'
[0.522s] INFO:colcon.colcon_core.shell:Creating prefix script '/home/ubuntu/cpm/scaraModified/ros-jazzy-scara/install/local_setup.bash'
[0.522s] INFO:colcon.colcon_core.shell:Creating prefix chain script '/home/ubuntu/cpm/scaraModified/ros-jazzy-scara/install/setup.bash'
[0.523s] INFO:colcon.colcon_core.shell:Creating prefix script '/home/ubuntu/cpm/scaraModified/ros-jazzy-scara/install/local_setup.zsh'
[0.524s] INFO:colcon.colcon_core.shell:Creating prefix chain script '/home/ubuntu/cpm/scaraModified/ros-jazzy-scara/install/setup.zsh'
